
2024/05/28 (05:54:19) | ===> btop++ v.1.3.2
2024/05/28 (05:54:19) | WARNING: ROCm SMI: Failed to get maximum GPU power draw, defaulting to 225W
2024/05/28 (05:54:19) | WARNING: ROCm SMI: Failed to get maximum GPU temperature, defaulting to 110°C
2024/05/28 (05:54:19) | WARNING: ROCm SMI: Failed to get VRAM utilization
2024/05/28 (05:54:19) | WARNING: ROCm SMI: Failed to get GPU power usage
2024/05/28 (05:54:19) | WARNING: ROCm SMI: Failed to get PCIe throughput

2024/05/28 (06:28:28) | ===> btop++ v.1.3.2
2024/05/28 (06:28:28) | WARNING: ROCm SMI: Failed to get maximum GPU power draw, defaulting to 225W
2024/05/28 (06:28:28) | WARNING: ROCm SMI: Failed to get maximum GPU temperature, defaulting to 110°C
2024/05/28 (06:28:28) | WARNING: ROCm SMI: Failed to get VRAM utilization
2024/05/28 (06:28:28) | WARNING: ROCm SMI: Failed to get GPU power usage
2024/05/28 (06:28:28) | WARNING: ROCm SMI: Failed to get PCIe throughput

2024/06/30 (14:08:32) | ===> btop++ v.1.3.2
2024/06/30 (14:08:32) | WARNING: NVML: Failed to get maximum GPU power draw, defaulting to 225W: Not Supported

2024/06/30 (18:36:55) | ===> btop++ v.1.3.2
2024/06/30 (18:36:55) | WARNING: NVML: Failed to get maximum GPU power draw, defaulting to 225W: Not Supported

2024/06/30 (18:37:24) | ===> btop++ v.1.3.2
2024/06/30 (18:37:24) | WARNING: NVML: Failed to get maximum GPU power draw, defaulting to 225W: Not Supported

2024/06/30 (19:40:56) | ===> btop++ v.1.3.2
2024/06/30 (19:40:56) | WARNING: NVML: Failed to get maximum GPU power draw, defaulting to 225W: Not Supported

2024/07/01 (04:50:34) | ===> btop++ v.1.3.2
2024/07/01 (04:50:34) | WARNING: NVML: Failed to get maximum GPU power draw, defaulting to 225W: Not Supported

2024/07/01 (05:29:20) | ===> btop++ v.1.3.2
2024/07/01 (05:29:20) | WARNING: NVML: Failed to get maximum GPU power draw, defaulting to 225W: Not Supported

2024/07/01 (05:38:20) | ===> btop++ v.1.3.2
2024/07/01 (05:38:20) | WARNING: NVML: Failed to get maximum GPU power draw, defaulting to 225W: Not Supported

2024/07/01 (05:52:48) | ===> btop++ v.1.3.2
2024/07/01 (05:52:48) | WARNING: NVML: Failed to get maximum GPU power draw, defaulting to 225W: Not Supported

2024/07/01 (09:37:29) | ===> btop++ v.1.3.2
2024/07/01 (09:37:29) | WARNING: NVML: Failed to get maximum GPU power draw, defaulting to 225W: Not Supported

2024/07/01 (13:18:25) | ===> btop++ v.1.3.2
2024/07/01 (13:18:25) | WARNING: NVML: Failed to get maximum GPU power draw, defaulting to 225W: Not Supported

2024/07/01 (19:09:55) | ===> btop++ v.1.3.2
2024/07/01 (19:09:55) | WARNING: NVML: Failed to get maximum GPU power draw, defaulting to 225W: Not Supported

2024/07/01 (19:25:01) | ===> btop++ v.1.3.2
2024/07/01 (19:25:01) | WARNING: NVML: Failed to get maximum GPU power draw, defaulting to 225W: Not Supported

2024/07/02 (06:46:16) | ===> btop++ v.1.3.2
2024/07/02 (06:46:16) | WARNING: NVML: Failed to get maximum GPU power draw, defaulting to 225W: Not Supported

2024/07/02 (07:56:33) | ===> btop++ v.1.3.2
2024/07/02 (07:56:33) | WARNING: NVML: Failed to get maximum GPU power draw, defaulting to 225W: Not Supported

2024/07/02 (11:52:44) | ===> btop++ v.1.3.2
2024/07/02 (11:52:44) | WARNING: NVML: Failed to get maximum GPU power draw, defaulting to 225W: Not Supported

2024/07/03 (03:36:26) | ===> btop++ v.1.3.2
2024/07/03 (03:36:26) | WARNING: NVML: Failed to get maximum GPU power draw, defaulting to 225W: Not Supported

2024/07/03 (11:11:06) | ===> btop++ v.1.3.2
2024/07/03 (11:11:06) | WARNING: NVML: Failed to get maximum GPU power draw, defaulting to 225W: Not Supported

2024/07/03 (12:53:24) | ===> btop++ v.1.3.2
2024/07/03 (12:53:24) | WARNING: NVML: Failed to get maximum GPU power draw, defaulting to 225W: Not Supported

2024/07/03 (12:55:17) | ===> btop++ v.1.3.2
2024/07/03 (12:55:17) | WARNING: NVML: Failed to get maximum GPU power draw, defaulting to 225W: Not Supported

2024/07/03 (12:56:51) | ===> btop++ v.1.3.2
2024/07/03 (12:56:51) | WARNING: NVML: Failed to get maximum GPU power draw, defaulting to 225W: Not Supported

2024/07/03 (13:14:51) | ===> btop++ v.1.3.2
2024/07/03 (13:14:51) | WARNING: NVML: Failed to get maximum GPU power draw, defaulting to 225W: Not Supported

2024/07/03 (13:44:12) | ===> btop++ v.1.3.2
2024/07/03 (13:44:12) | WARNING: NVML: Failed to get maximum GPU power draw, defaulting to 225W: Not Supported

2024/07/03 (17:34:16) | ===> btop++ v.1.3.2
2024/07/03 (17:34:16) | WARNING: NVML: Failed to get maximum GPU power draw, defaulting to 225W: Not Supported

2024/07/03 (18:10:24) | ===> btop++ v.1.3.2
2024/07/03 (18:10:24) | WARNING: NVML: Failed to get maximum GPU power draw, defaulting to 225W: Not Supported

2024/07/03 (18:54:32) | ===> btop++ v.1.3.2
2024/07/03 (18:54:32) | WARNING: NVML: Failed to get maximum GPU power draw, defaulting to 225W: Not Supported

2024/07/03 (22:48:21) | ===> btop++ v.1.3.2
2024/07/03 (22:48:21) | WARNING: NVML: Failed to get maximum GPU power draw, defaulting to 225W: Not Supported

2024/07/04 (10:02:19) | ===> btop++ v.1.3.2
2024/07/04 (10:02:19) | WARNING: NVML: Failed to get maximum GPU power draw, defaulting to 225W: Not Supported

2024/07/04 (11:56:09) | ===> btop++ v.1.3.2
2024/07/04 (11:56:09) | WARNING: NVML: Failed to get maximum GPU power draw, defaulting to 225W: Not Supported

2024/07/04 (10:02:34) | ===> btop++ v.1.3.2
2024/07/04 (10:02:34) | WARNING: Failed to set locale en_US.UTF-8 continuing anyway.
2024/07/04 (10:02:34) | WARNING: Failed to set locale en_US.UTF-8 continuing anyway.

2024/07/04 (10:03:11) | ===> btop++ v.1.3.2
2024/07/04 (10:03:11) | WARNING: Failed to set locale en_US.UTF-8 continuing anyway.
2024/07/04 (10:03:11) | WARNING: Failed to set locale en_US.UTF-8 continuing anyway.

2024/07/04 (12:41:57) | ===> btop++ v.1.3.2
2024/07/04 (12:41:57) | WARNING: Failed to set locale en_US.UTF-8 continuing anyway.
2024/07/04 (12:41:57) | WARNING: Failed to set locale en_US.UTF-8 continuing anyway.

2024/07/04 (13:06:41) | ===> btop++ v.1.3.2
2024/07/04 (13:06:41) | WARNING: Failed to set locale en_US.UTF-8 continuing anyway.
2024/07/04 (13:06:41) | WARNING: Failed to set locale en_US.UTF-8 continuing anyway.

2024/07/04 (22:50:08) | ===> btop++ v.1.3.2
2024/07/04 (22:50:08) | WARNING: Failed to set locale en_US.UTF-8 continuing anyway.
2024/07/04 (22:50:08) | WARNING: Failed to set locale en_US.UTF-8 continuing anyway.

2024/07/05 (11:00:54) | ===> btop++ v.1.3.2
2024/07/05 (11:00:54) | WARNING: Failed to set locale en_US.UTF-8 continuing anyway.
2024/07/05 (11:00:54) | WARNING: Failed to set locale en_US.UTF-8 continuing anyway.

2024/07/06 (09:00:04) | ===> btop++ v.1.3.2
2024/07/06 (09:00:04) | WARNING: Failed to set locale en_US.UTF-8 continuing anyway.
2024/07/06 (09:00:04) | WARNING: Failed to set locale en_US.UTF-8 continuing anyway.

2024/07/06 (09:16:28) | ===> btop++ v.1.3.2
2024/07/06 (09:16:28) | WARNING: Failed to set locale en_US.UTF-8 continuing anyway.
2024/07/06 (09:16:28) | WARNING: Failed to set locale en_US.UTF-8 continuing anyway.

2024/07/06 (13:01:14) | ===> btop++ v.1.3.2
2024/07/06 (13:01:14) | WARNING: Failed to set locale en_US.UTF-8 continuing anyway.
2024/07/06 (13:01:14) | WARNING: Failed to set locale en_US.UTF-8 continuing anyway.

2024/07/06 (16:12:34) | ===> btop++ v.1.3.2
2024/07/06 (16:12:34) | WARNING: Failed to set locale en_US.UTF-8 continuing anyway.
2024/07/06 (16:12:34) | WARNING: Failed to set locale en_US.UTF-8 continuing anyway.

2024/07/06 (16:48:18) | ===> btop++ v.1.3.2
2024/07/06 (16:48:18) | WARNING: Failed to set locale en_US.UTF-8 continuing anyway.
2024/07/06 (16:48:18) | WARNING: Failed to set locale en_US.UTF-8 continuing anyway.
2024/07/06 (16:48:18) | WARNING: NVML: Failed to get maximum GPU power draw, defaulting to 225W: Not Supported

2024/07/06 (17:00:47) | ===> btop++ v.1.3.2
2024/07/06 (17:00:47) | WARNING: Failed to set locale en_US.UTF-8 continuing anyway.
2024/07/06 (17:00:47) | WARNING: Failed to set locale en_US.UTF-8 continuing anyway.
2024/07/06 (17:00:47) | WARNING: NVML: Failed to get maximum GPU power draw, defaulting to 225W: Not Supported

2024/07/06 (19:28:58) | ===> btop++ v.1.3.2
2024/07/06 (19:28:58) | WARNING: Failed to set locale en_US.UTF-8 continuing anyway.
2024/07/06 (19:28:58) | WARNING: Failed to set locale en_US.UTF-8 continuing anyway.
2024/07/06 (19:29:00) | WARNING: NVML: Failed to get maximum GPU power draw, defaulting to 225W: Not Supported

2024/07/07 (02:05:34) | ===> btop++ v.1.3.2
2024/07/07 (02:05:34) | WARNING: NVML: Failed to get maximum GPU power draw, defaulting to 225W: Not Supported

2024/07/07 (09:14:21) | ===> btop++ v.1.3.2
2024/07/07 (09:14:21) | WARNING: Failed to set locale en_US.UTF-8 continuing anyway.
2024/07/07 (09:14:21) | WARNING: Failed to set locale en_US.UTF-8 continuing anyway.
2024/07/07 (09:14:21) | WARNING: NVML: Failed to get maximum GPU power draw, defaulting to 225W: Not Supported

2024/07/07 (09:32:54) | ===> btop++ v.1.3.2
2024/07/07 (09:32:54) | WARNING: Failed to set locale en_US.UTF-8 continuing anyway.
2024/07/07 (09:32:54) | WARNING: Failed to set locale en_US.UTF-8 continuing anyway.
2024/07/07 (09:32:54) | WARNING: NVML: Failed to get maximum GPU power draw, defaulting to 225W: Not Supported

2024/07/08 (11:31:47) | ===> btop++ v.1.3.2
2024/07/08 (11:31:47) | WARNING: Failed to set locale en_US.UTF-8 continuing anyway.
2024/07/08 (11:31:47) | WARNING: Failed to set locale en_US.UTF-8 continuing anyway.
2024/07/08 (11:31:47) | WARNING: NVML: Failed to get maximum GPU power draw, defaulting to 225W: Not Supported

2024/07/08 (12:54:22) | ===> btop++ v.1.3.2
2024/07/08 (12:54:22) | WARNING: Failed to set locale en_US.UTF-8 continuing anyway.
2024/07/08 (12:54:22) | WARNING: Failed to set locale en_US.UTF-8 continuing anyway.
2024/07/08 (12:54:22) | WARNING: NVML: Failed to get maximum GPU power draw, defaulting to 225W: Not Supported

2024/07/08 (15:35:59) | ===> btop++ v.1.3.2
2024/07/08 (15:35:59) | WARNING: Failed to set locale en_US.UTF-8 continuing anyway.
2024/07/08 (15:35:59) | WARNING: Failed to set locale en_US.UTF-8 continuing anyway.
2024/07/08 (15:35:59) | WARNING: NVML: Failed to get maximum GPU power draw, defaulting to 225W: Not Supported

2024/07/14 (09:51:58) | ===> btop++ v.1.3.2
2024/07/14 (09:51:58) | WARNING: Failed to set locale en_US.UTF-8 continuing anyway.
2024/07/14 (09:51:58) | WARNING: Failed to set locale en_US.UTF-8 continuing anyway.
2024/07/14 (09:52:00) | WARNING: NVML: Failed to get maximum GPU power draw, defaulting to 225W: Not Supported

2024/07/14 (10:05:34) | ===> btop++ v.1.3.2
2024/07/14 (10:05:34) | WARNING: Failed to set locale en_US.UTF-8 continuing anyway.
2024/07/14 (10:05:34) | WARNING: Failed to set locale en_US.UTF-8 continuing anyway.
2024/07/14 (10:05:34) | WARNING: NVML: Failed to get maximum GPU power draw, defaulting to 225W: Not Supported

2024/07/14 (10:06:50) | ===> btop++ v.1.3.2
2024/07/14 (10:06:50) | WARNING: Failed to set locale en_US.UTF-8 continuing anyway.
2024/07/14 (10:06:50) | WARNING: Failed to set locale en_US.UTF-8 continuing anyway.
2024/07/14 (10:06:51) | WARNING: NVML: Failed to get maximum GPU power draw, defaulting to 225W: Not Supported

2024/07/14 (10:08:58) | ===> btop++ v.1.3.2
2024/07/14 (10:08:58) | WARNING: Failed to set locale en_US.UTF-8 continuing anyway.
2024/07/14 (10:08:58) | WARNING: Failed to set locale en_US.UTF-8 continuing anyway.
2024/07/14 (10:09:00) | WARNING: NVML: Failed to get maximum GPU power draw, defaulting to 225W: Not Supported

2024/07/14 (10:10:26) | ===> btop++ v.1.3.2
2024/07/14 (10:10:26) | WARNING: Failed to set locale en_US.UTF-8 continuing anyway.
2024/07/14 (10:10:26) | WARNING: Failed to set locale en_US.UTF-8 continuing anyway.
2024/07/14 (10:10:26) | WARNING: NVML: Failed to get maximum GPU power draw, defaulting to 225W: Not Supported
2024/07/14 (19:17:07) | ERROR: Stall in Runner thread, restarting!

2024/07/14 (19:42:19) | ===> btop++ v.1.3.2
2024/07/14 (19:42:19) | WARNING: Failed to set locale en_US.UTF-8 continuing anyway.
2024/07/14 (19:42:19) | WARNING: Failed to set locale en_US.UTF-8 continuing anyway.
2024/07/14 (19:42:20) | WARNING: NVML: Failed to get maximum GPU power draw, defaulting to 225W: Not Supported

2024/07/15 (08:27:32) | ===> btop++ v.1.3.2
2024/07/15 (08:27:32) | WARNING: Failed to set locale en_US.UTF-8 continuing anyway.
2024/07/15 (08:27:32) | WARNING: Failed to set locale en_US.UTF-8 continuing anyway.
